2016-11-25 21:40:36,779 DEBUG views 8800 4172 "**** Drive H:\ has 64.0 space left!!
2016-11-25 21:40:36,779 DEBUG views 8800 4172 "**** Drive C:\ has 46.4 space left!!
2016-11-25 21:40:54,796 DEBUG views 8800 9756 "**** Drive H:\ has 64.0 space left!!
2016-11-25 21:40:54,796 DEBUG views 8800 9756 "**** Drive C:\ has 46.4 space left!!
2016-11-25 21:41:14,653 DEBUG views 8800 4156 "**** Drive H:\ has 64.0 space left!!
2016-11-25 21:41:14,653 DEBUG views 8800 4156 "**** Drive C:\ has 46.4 space left!!
2016-11-25 21:41:25,227 DEBUG views 8800 6712 "**** Drive H:\ has 64.0 space left!!
2016-11-25 21:41:25,227 DEBUG views 8800 6712 "**** Drive C:\ has 46.4 space left!!
2016-11-25 21:41:37,278 DEBUG views 8800 10512 "**** Drive H:\ has 64.0 space left!!
2016-11-25 21:41:37,278 DEBUG views 8800 10512 "**** Drive C:\ has 46.4 space left!!
2016-11-25 21:43:04,055 DEBUG views 2372 11844 "**** Drive H:\ has 64.0 space left!!
2016-11-25 21:43:04,055 DEBUG views 2372 11844 "**** Drive C:\ has 46.4 space left!!
2016-11-25 21:43:17,351 DEBUG views 2372 956 "**** Drive H:\ has 64.0 space left!!
2016-11-25 21:43:17,351 DEBUG views 2372 956 "**** Drive C:\ has 46.4 space left!!
2016-11-25 21:44:29,953 DEBUG views 4724 2184 "**** Drive H:\ has 64.0 space left!!
2016-11-25 21:44:29,953 DEBUG views 4724 2184 "**** Drive C:\ has 46.4 space left!!
2016-11-25 21:45:57,604 DEBUG views 8300 7992 "**** Drive H:\ has 64.0 space left!!
2016-11-25 21:45:57,604 DEBUG views 8300 7992 "**** Drive C:\ has 46.4 space left!!
2016-11-25 21:46:01,246 DEBUG views 8300 1436 "**** Drive H:\ has 64.0 space left!!
2016-11-25 21:46:01,246 DEBUG views 8300 1436 "**** Drive C:\ has 46.4 space left!!
2016-11-25 21:48:17,556 DEBUG views 7684 10356 "**** Drive H:\ has 64.0 space left!!
2016-11-25 21:48:17,556 DEBUG views 7684 10356 "**** Drive C:\ has 46.4 space left!!
2016-11-25 21:48:27,635 DEBUG views 7684 11228 "**** Drive H:\ has 64.0 space left!!
2016-11-25 21:48:27,635 DEBUG views 7684 11228 "**** Drive C:\ has 46.4 space left!!
2016-11-25 21:48:39,573 DEBUG views 7684 10004 "**** Drive H:\ has 64.0 space left!!
2016-11-25 21:48:39,573 DEBUG views 7684 10004 "**** Drive C:\ has 46.4 space left!!
2016-11-25 21:49:02,615 DEBUG views 7684 9864 "**** Drive H:\ has 64.0 space left!!
2016-11-25 21:49:02,615 DEBUG views 7684 9864 "**** Drive C:\ has 46.4 space left!!
2016-11-25 21:49:13,069 DEBUG views 7684 2184 "**** Drive H:\ has 64.0 space left!!
2016-11-25 21:49:13,069 DEBUG views 7684 2184 "**** Drive C:\ has 46.4 space left!!
2016-11-25 21:49:27,618 DEBUG views 7684 188 "**** Drive H:\ has 64.0 space left!!
2016-11-25 21:49:27,618 DEBUG views 7684 188 "**** Drive C:\ has 46.4 space left!!
2016-11-25 21:49:43,036 DEBUG views 7684 12224 "**** Drive H:\ has 64.0 space left!!
2016-11-25 21:49:43,036 DEBUG views 7684 12224 "**** Drive C:\ has 46.4 space left!!
2016-11-25 21:49:55,730 DEBUG views 7684 4204 "**** Drive H:\ has 64.0 space left!!
2016-11-25 21:49:55,730 DEBUG views 7684 4204 "**** Drive C:\ has 46.4 space left!!
2016-11-25 21:50:00,161 DEBUG views 7684 9168 "**** Drive H:\ has 64.0 space left!!
2016-11-25 21:50:00,161 DEBUG views 7684 9168 "**** Drive C:\ has 46.4 space left!!
2016-11-25 21:50:44,562 DEBUG views 5852 9964 "**** Drive H:\ has 64.0 space left!!
2016-11-25 21:50:44,562 DEBUG views 5852 9964 "**** Drive C:\ has 46.4 space left!!
2016-11-25 21:50:59,700 DEBUG views 5852 9404 "**** Drive H:\ has 64.0 space left!!
2016-11-25 21:50:59,700 DEBUG views 5852 9404 "**** Drive C:\ has 46.4 space left!!
2016-11-25 21:51:12,530 DEBUG views 5852 11028 "**** Drive H:\ has 64.0 space left!!
2016-11-25 21:51:12,530 DEBUG views 5852 11028 "**** Drive C:\ has 46.4 space left!!
2016-11-25 21:51:54,763 DEBUG views 11764 5376 "**** Drive H:\ has 64.0 space left!!
2016-11-25 21:51:54,763 DEBUG views 11764 5376 "**** Drive C:\ has 46.4 space left!!
2016-11-25 21:52:20,776 DEBUG views 11764 5316 "**** Drive H:\ has 64.0 space left!!
2016-11-25 21:52:20,776 DEBUG views 11764 5316 "**** Drive C:\ has 46.4 space left!!
2016-11-25 21:53:10,358 DEBUG views 10216 10308 "**** Drive H:\ has 64.0 space left!!
2016-11-25 21:53:10,358 DEBUG views 10216 10308 "**** Drive C:\ has 46.4 space left!!
2016-11-25 22:01:25,145 DEBUG views 6544 6216 "**** Drive H:\ has 64.0 space left!!
2016-11-25 22:01:25,145 DEBUG views 6544 6216 "**** Drive C:\ has 46.4 space left!!
2016-11-25 22:06:59,131 DEBUG views 1028 4624 "**** Drive H:\ has 64.0 space left!!
2016-11-25 22:06:59,131 DEBUG views 1028 4624 "**** Drive C:\ has 46.4 space left!!
2016-11-25 22:07:08,413 DEBUG views 1028 9004 "**** Drive H:\ has 64.0 space left!!
2016-11-25 22:07:08,413 DEBUG views 1028 9004 "**** Drive C:\ has 46.4 space left!!
2016-11-25 22:07:08,413 DEBUG views 1028 9004 "**** Drive E:\ has 100.0 space left!!
2016-11-25 22:07:16,482 DEBUG views 1028 11476 "**** Drive H:\ has 64.0 space left!!
2016-11-25 22:07:16,482 DEBUG views 1028 11476 "**** Drive C:\ has 46.4 space left!!
2016-11-25 22:07:16,482 DEBUG views 1028 11476 "**** Drive E:\ has 100.0 space left!!
2016-11-25 22:07:31,530 DEBUG views 1028 4084 "**** Drive H:\ has 64.0 space left!!
2016-11-25 22:07:31,530 DEBUG views 1028 4084 "**** Drive C:\ has 46.4 space left!!
2016-11-25 22:07:31,530 DEBUG views 1028 4084 "**** Drive E:\ has 100.0 space left!!
2016-11-25 22:08:05,355 DEBUG views 1028 10384 "**** Drive H:\ has 64.0 space left!!
2016-11-25 22:08:05,355 DEBUG views 1028 10384 "**** Drive C:\ has 46.4 space left!!
2016-11-25 22:08:05,355 DEBUG views 1028 10384 "**** Drive E:\ has 100.0 space left!!
2016-11-25 22:08:14,426 DEBUG views 1028 4408 "**** Drive H:\ has 64.0 space left!!
2016-11-25 22:08:14,426 DEBUG views 1028 4408 "**** Drive C:\ has 46.4 space left!!
2016-11-25 22:08:14,426 DEBUG views 1028 4408 "**** Drive E:\ has 100.0 space left!!
2016-11-25 22:08:19,361 DEBUG views 1028 7620 "**** Drive H:\ has 64.0 space left!!
2016-11-25 22:08:19,361 DEBUG views 1028 7620 "**** Drive C:\ has 46.4 space left!!
2016-11-25 22:08:19,361 DEBUG views 1028 7620 "**** Drive E:\ has 100.0 space left!!
2016-11-25 22:08:33,384 DEBUG views 1028 2308 "**** Drive H:\ has 64.0 space left!!
2016-11-25 22:08:33,401 DEBUG views 1028 2308 "**** Drive C:\ has 46.4 space left!!
2016-11-25 22:09:00,877 DEBUG views 12004 5372 "**** Drive H:\ has 64.0 space left!!
2016-11-25 22:09:00,877 DEBUG views 12004 5372 "**** Drive C:\ has 46.4 space left!!
2016-11-25 22:09:11,730 DEBUG views 12004 2304 "**** Drive H:\ has 64.0 space left!!
2016-11-25 22:09:11,730 DEBUG views 12004 2304 "**** Drive C:\ has 46.4 space left!!
2016-11-25 22:09:11,730 DEBUG views 12004 2304 "**** Drive E:\ has 100.0 space left!!
2016-11-25 22:09:19,903 DEBUG views 12004 8836 "**** Drive H:\ has 64.0 space left!!
2016-11-25 22:09:19,903 DEBUG views 12004 8836 "**** Drive C:\ has 46.4 space left!!
2016-11-25 22:09:30,789 DEBUG views 12004 4388 "**** Drive H:\ has 64.0 space left!!
2016-11-25 22:09:30,789 DEBUG views 12004 4388 "**** Drive C:\ has 46.4 space left!!
2016-11-25 22:09:30,789 DEBUG views 12004 4388 "**** Drive E:/ has 100.0 space left!!
2016-11-25 22:12:25,542 DEBUG views 12004 11572 "**** Drive H:\ has 64.0 space left!!
2016-11-25 22:12:25,542 DEBUG views 12004 11572 "**** Drive C:\ has 46.4 space left!!
2016-11-25 22:12:25,542 DEBUG views 12004 11572 "**** Drive E:/ has 100.0 space left!!
2016-11-25 22:12:39,177 DEBUG views 12004 9276 "**** Drive H:\ has 64.0 space left!!
2016-11-25 22:12:39,177 DEBUG views 12004 9276 "**** Drive C:\ has 46.4 space left!!
2016-11-25 22:12:39,177 DEBUG views 12004 9276 "**** Drive E:/ has 100.0 space left!!
2016-11-25 22:12:47,993 DEBUG views 12004 9224 "**** Drive H:\ has 64.0 space left!!
2016-11-25 22:12:47,993 DEBUG views 12004 9224 "**** Drive C:\ has 46.4 space left!!
2016-11-25 22:12:47,993 DEBUG views 12004 9224 "**** Drive E:/ has 100.0 space left!!
2016-11-25 22:12:58,611 DEBUG views 12004 4160 "**** Drive H:\ has 64.0 space left!!
2016-11-25 22:12:58,611 DEBUG views 12004 4160 "**** Drive C:\ has 46.4 space left!!
2016-11-25 22:12:58,611 DEBUG views 12004 4160 "**** Drive E:/ has 100.0 space left!!
2016-11-25 22:13:04,576 DEBUG views 12004 7216 "**** Drive H:\ has 64.0 space left!!
2016-11-25 22:13:04,576 DEBUG views 12004 7216 "**** Drive C:\ has 46.4 space left!!
2016-11-25 22:13:04,576 DEBUG views 12004 7216 "**** Drive E:/ has 100.0 space left!!
2016-11-25 22:13:10,859 DEBUG views 12004 2260 "**** Drive H:\ has 64.0 space left!!
2016-11-25 22:13:10,859 DEBUG views 12004 2260 "**** Drive C:\ has 46.4 space left!!
2016-11-25 22:13:28,690 DEBUG views 12004 10716 "**** Drive H:\ has 64.0 space left!!
2016-11-25 22:13:28,690 DEBUG views 12004 10716 "**** Drive C:\ has 46.4 space left!!
2016-11-25 22:15:23,859 DEBUG views 3664 11128 "**** Drive H:\ has 64.0 space left!!
2016-11-25 22:15:23,859 DEBUG views 3664 11128 "**** Drive C:\ has 46.4 space left!!
2016-11-25 22:15:27,250 DEBUG views 3664 2180 "**** Drive H:\ has 64.0 space left!!
2016-11-25 22:15:27,252 DEBUG views 3664 2180 "**** Drive C:\ has 46.4 space left!!
2016-11-25 22:15:29,102 DEBUG views 3664 3948 "**** Drive H:\ has 64.0 space left!!
2016-11-25 22:15:29,102 DEBUG views 3664 3948 "**** Drive C:\ has 46.4 space left!!
2016-11-25 22:15:35,778 DEBUG views 3664 10636 "**** Drive H:\ has 64.0 space left!!
2016-11-25 22:15:35,778 DEBUG views 3664 10636 "**** Drive C:\ has 46.4 space left!!
2016-11-25 22:15:46,709 DEBUG views 3664 1908 "**** Drive H:\ has 64.0 space left!!
2016-11-25 22:15:46,709 DEBUG views 3664 1908 "**** Drive C:\ has 46.4 space left!!
2016-11-25 22:16:17,801 DEBUG views 5176 3492 "**** Drive H:\ has 64.0 space left!!
2016-11-25 22:16:17,801 DEBUG views 5176 3492 "**** Drive C:\ has 46.4 space left!!
2016-11-25 22:16:19,332 DEBUG views 5176 3936 "**** Drive H:\ has 64.0 space left!!
2016-11-25 22:16:19,332 DEBUG views 5176 3936 "**** Drive C:\ has 46.4 space left!!
2016-11-25 22:18:16,687 DEBUG views 11312 8296 "**** Drive H:\ has 64.0 space left!!
2016-11-25 22:18:16,687 DEBUG views 11312 8296 "**** Drive C:\ has 46.4 space left!!
2016-11-25 22:19:05,736 DEBUG views 11312 9504 "**** Drive H:\ has 64.0 space left!!
2016-11-25 22:19:05,736 DEBUG views 11312 9504 "**** Drive C:\ has 46.4 space left!!
2016-11-25 22:20:11,530 DEBUG views 5400 3320 "**** Drive H:\ has 64.0 space left!!
2016-11-25 22:20:11,530 DEBUG views 5400 3320 "**** Drive C:\ has 46.4 space left!!
2016-11-25 22:26:36,434 DEBUG views 7556 7428 ****  Created iframe -- 
2016-11-25 22:34:07,236 DEBUG views 11964 11748 "**** Drive H:\ has 64.0 space left!!
2016-11-25 22:34:07,236 DEBUG views 11964 11748 "**** Drive C:\ has 46.4 space left!!
2016-11-25 22:34:28,848 DEBUG views 11964 6276 "**** Drive H:\ has 64.0 space left!!
2016-11-25 22:34:28,848 DEBUG views 11964 6276 "**** Drive C:\ has 46.4 space left!!
2016-11-25 22:39:58,446 DEBUG views 9276 8772 "**** Drive H:\ has 64.0 space left!!
2016-11-25 22:39:58,446 DEBUG views 9276 8772 "**** Drive C:\ has 46.4 space left!!
2016-11-25 22:40:08,674 DEBUG views 9276 9716 "**** Drive H:\ has 64.0 space left!!
2016-11-25 22:40:08,674 DEBUG views 9276 9716 "**** Drive C:\ has 46.4 space left!!
2016-11-25 22:40:25,342 DEBUG views 9276 8264 "**** Drive H:\ has 64.0 space left!!
2016-11-25 22:40:25,342 DEBUG views 9276 8264 "**** Drive C:\ has 46.4 space left!!
2016-11-26 08:06:22,378 DEBUG views 7864 5072 "**** Drive H:\ has 64.0 space left!!
2016-11-26 08:06:22,378 DEBUG views 7864 5072 "**** Drive C:\ has 46.4 space left!!
2016-11-26 08:26:00,911 DEBUG views 1676 316 "**** Drive H:\ has 64.0 space left!!
2016-11-26 08:26:00,913 DEBUG views 1676 316 "**** Drive C:\ has 46.4 space left!!
2016-11-26 08:36:47,388 DEBUG views 10844 3548 "**** Drive H:\ has 64.0 space left!!
2016-11-26 08:36:47,388 DEBUG views 10844 3548 "**** Drive C:\ has 46.4 space left!!
2016-11-26 08:36:51,696 DEBUG views 10844 12100 "**** Drive H:\ has 64.0 space left!!
2016-11-26 08:36:51,696 DEBUG views 10844 12100 "**** Drive C:\ has 46.4 space left!!
2016-11-26 08:36:51,696 DEBUG views 10844 12100 ****  Created iframe -- 
2016-11-26 08:37:10,701 DEBUG views 10844 6836 "**** Drive H:\ has 64.0 space left!!
2016-11-26 08:37:10,701 DEBUG views 10844 6836 "**** Drive C:\ has 46.4 space left!!
2016-11-26 08:37:10,701 DEBUG views 10844 6836 ****  Created iframe -- 
2016-11-26 08:37:25,147 DEBUG views 10844 11228 "**** Drive H:\ has 64.0 space left!!
2016-11-26 08:37:25,147 DEBUG views 10844 11228 "**** Drive C:\ has 46.4 space left!!
2016-11-26 08:37:25,147 DEBUG views 10844 11228 ****  Created iframe -- 
2016-11-26 08:38:08,676 DEBUG views 10844 10580 "**** Drive H:\ has 64.0 space left!!
2016-11-26 08:38:08,676 DEBUG views 10844 10580 "**** Drive C:\ has 46.4 space left!!
2016-11-26 08:38:08,676 DEBUG views 10844 10580 ****  Created iframe -- 
2016-11-26 08:38:28,223 DEBUG views 10844 984 "**** Drive H:\ has 64.0 space left!!
2016-11-26 08:38:28,223 DEBUG views 10844 984 "**** Drive C:\ has 46.4 space left!!
2016-11-26 08:38:28,223 DEBUG views 10844 984 ****  Created iframe -- 
2016-11-26 09:56:01,183 DEBUG views 9376 9608 "**** Drive H:\ has 64.0% space left!!
2016-11-26 09:56:01,183 DEBUG views 9376 9608 "**** Drive C:\ has 46.4% space left!!
2016-11-26 09:56:05,607 DEBUG views 9376 7524 "**** Drive H:\ has 64.0 space left!!
2016-11-26 09:56:05,607 DEBUG views 9376 7524 "**** Drive C:\ has 46.4 space left!!
2016-11-26 09:56:05,607 DEBUG views 9376 7524 ****  Created iframe -- 
2016-11-26 09:56:19,269 DEBUG views 9376 9276 "**** Drive H:\ has 64.0 space left!!
2016-11-26 09:56:19,269 DEBUG views 9376 9276 "**** Drive C:\ has 46.4 space left!!
2016-11-26 09:56:19,269 DEBUG views 9376 9276 ****  Created iframe -- 
2016-11-26 09:57:07,983 DEBUG views 9376 6804 "**** Drive H:\ has 64.0 space left!!
2016-11-26 09:57:07,983 DEBUG views 9376 6804 "**** Drive C:\ has 46.4 space left!!
2016-11-26 09:57:07,983 DEBUG views 9376 6804 ****  Created iframe -- 
2016-11-26 09:57:09,974 DEBUG views 9376 10812 "**** Drive H:\ has 64.0% space left!!
2016-11-26 09:57:09,974 DEBUG views 9376 10812 "**** Drive C:\ has 46.4% space left!!
2016-11-26 10:04:26,851 DEBUG views 6532 744 "**** Drive H:\ has 64.0% space left!!
2016-11-26 10:04:26,852 DEBUG views 6532 744 "**** Drive C:\ has 46.4% space left!!
2016-11-26 10:04:37,726 DEBUG views 6532 8376 "**** Drive H:\ has 64.0% space left!!
2016-11-26 10:04:37,726 DEBUG views 6532 8376 "**** Drive C:\ has 46.4% space left!!
2016-11-26 10:05:00,194 DEBUG views 6532 8808 "**** Drive H:\ has 64.0% space left!!
2016-11-26 10:05:00,194 DEBUG views 6532 8808 "**** Drive C:\ has 46.4% space left!!
2016-11-26 10:06:05,440 DEBUG views 10988 1424 "**** Drive H:\ has 64.0% space left!!
2016-11-26 10:06:05,440 DEBUG views 10988 1424 "**** Drive C:\ has 46.4% space left!!
2016-11-26 10:06:16,918 DEBUG views 10988 3472 "**** Drive H:\ has 64.0% space left!!
2016-11-26 10:06:16,920 DEBUG views 10988 3472 "**** Drive C:\ has 46.4% space left!!
2016-11-26 10:06:33,213 DEBUG views 10988 10084 "**** Drive H:\ has 64.0% space left!!
2016-11-26 10:06:33,213 DEBUG views 10988 10084 "**** Drive C:\ has 46.4% space left!!
2016-11-26 10:06:49,111 DEBUG views 3916 1988 "**** Drive H:\ has 64.0% space left!!
2016-11-26 10:06:49,111 DEBUG views 3916 1988 "**** Drive C:\ has 46.4% space left!!
2016-11-26 10:07:02,594 DEBUG views 3916 172 "**** Drive H:\ has 64.0% space left!!
2016-11-26 10:07:02,594 DEBUG views 3916 172 "**** Drive C:\ has 46.4% space left!!
2016-11-26 10:08:08,474 DEBUG views 3916 6808 "**** Drive H:\ has 64.0% space left!!
2016-11-26 10:08:08,476 DEBUG views 3916 6808 "**** Drive C:\ has 46.4% space left!!
2016-11-26 10:08:10,711 DEBUG views 3916 2284 "**** Drive H:\ has 64.0% space left!!
2016-11-26 10:08:10,713 DEBUG views 3916 2284 "**** Drive C:\ has 46.4% space left!!
2016-11-26 10:08:22,648 DEBUG views 3916 5704 "**** Drive H:\ has 64.0% space left!!
2016-11-26 10:08:22,648 DEBUG views 3916 5704 "**** Drive C:\ has 46.4% space left!!
2016-11-26 10:08:40,953 DEBUG views 3916 10420 "**** Drive H:\ has 64.0% space left!!
2016-11-26 10:08:40,953 DEBUG views 3916 10420 "**** Drive C:\ has 46.4% space left!!
2016-11-26 10:10:26,384 DEBUG views 4588 11200 "**** Drive H:\ has 64.0% space left!!
2016-11-26 10:10:26,385 DEBUG views 4588 11200 "**** Drive C:\ has 46.4% space left!!
2016-11-26 10:10:35,493 DEBUG views 4588 8560 "**** Drive H:\ has 64.0% space left!!
2016-11-26 10:10:35,493 DEBUG views 4588 8560 "**** Drive C:\ has 46.4% space left!!
2016-11-26 10:10:46,736 DEBUG views 4588 2880 "**** Drive H:\ has 64.0% space left!!
2016-11-26 10:10:46,736 DEBUG views 4588 2880 "**** Drive C:\ has 46.4% space left!!
2016-11-26 10:11:28,769 DEBUG views 10064 8772 "**** Drive H:\ has 64.0% space left!!
2016-11-26 10:11:28,769 DEBUG views 10064 8772 "**** Drive C:\ has 46.4% space left!!
2016-11-26 10:11:38,842 DEBUG views 10064 11192 "**** Drive H:\ has 64.0% space left!!
2016-11-26 10:11:38,842 DEBUG views 10064 11192 "**** Drive C:\ has 46.4% space left!!
2016-11-26 10:11:49,710 DEBUG views 10064 9752 "**** Drive H:\ has 64.0% space left!!
2016-11-26 10:11:49,710 DEBUG views 10064 9752 "**** Drive C:\ has 46.4% space left!!
2016-11-26 10:12:26,671 DEBUG views 10064 8348 "**** Drive H:\ has 64.0% space left!!
2016-11-26 10:12:26,671 DEBUG views 10064 8348 "**** Drive C:\ has 46.4% space left!!
2016-11-26 10:12:39,769 DEBUG views 10064 7404 "**** Drive H:\ has 64.0% space left!!
2016-11-26 10:12:39,769 DEBUG views 10064 7404 "**** Drive C:\ has 46.4% space left!!
2016-11-26 10:12:46,421 DEBUG views 10064 9748 "**** Drive H:\ has 64.0% space left!!
2016-11-26 10:12:46,421 DEBUG views 10064 9748 "**** Drive C:\ has 46.4% space left!!
2016-11-26 10:14:43,450 DEBUG views 10064 10556 "**** Drive H:\ has 64.0% space left!!
2016-11-26 10:14:43,451 DEBUG views 10064 10556 "**** Drive C:\ has 46.4% space left!!
2016-11-26 10:14:53,612 DEBUG views 10064 9724 "**** Drive H:\ has 64.0% space left!!
2016-11-26 10:14:53,612 DEBUG views 10064 9724 "**** Drive C:\ has 46.4% space left!!
2016-11-26 10:15:03,384 DEBUG views 10064 2020 "**** Drive H:\ has 64.0% space left!!
2016-11-26 10:15:03,384 DEBUG views 10064 2020 "**** Drive C:\ has 46.4% space left!!
2016-11-26 10:15:54,644 DEBUG views 11052 7548 "**** Drive H:\ has 64.0% space left!!
2016-11-26 10:15:54,644 DEBUG views 11052 7548 "**** Drive C:\ has 46.4% space left!!
2016-11-26 10:16:01,967 DEBUG views 11052 3300 "**** Drive H:\ has 64.0% space left!!
2016-11-26 10:16:01,967 DEBUG views 11052 3300 "**** Drive C:\ has 46.4% space left!!
2016-11-26 10:34:13,000 DEBUG views 11052 3828 "**** Drive H:\ has 64.0% space left!!
2016-11-26 10:34:13,000 DEBUG views 11052 3828 "**** Drive C:\ has 46.4% space left!!
2016-11-26 10:34:19,022 DEBUG views 11052 6368 "**** Drive H:\ has 64.0% space left!!
2016-11-26 10:34:19,022 DEBUG views 11052 6368 "**** Drive C:\ has 46.4% space left!!
2016-11-26 10:35:44,167 DEBUG views 11052 8064 "**** Drive H:\ has 64.0% space left!!
2016-11-26 10:35:44,167 DEBUG views 11052 8064 "**** Drive C:\ has 46.4% space left!!
2016-11-26 10:35:55,930 DEBUG views 11052 6968 "**** Drive H:\ has 64.0% space left!!
2016-11-26 10:35:55,930 DEBUG views 11052 6968 "**** Drive C:\ has 46.4% space left!!
2016-11-26 10:36:17,059 DEBUG views 11052 8328 "**** Drive H:\ has 64.0% space left!!
2016-11-26 10:36:17,059 DEBUG views 11052 8328 "**** Drive C:\ has 46.4% space left!!
2016-11-26 10:37:57,655 DEBUG views 5388 6376 "**** Drive H:\ has 64.0% space left!!
2016-11-26 10:37:57,655 DEBUG views 5388 6376 "**** Drive C:\ has 46.4% space left!!
2016-11-26 10:38:05,197 DEBUG views 5388 10172 "**** Drive H:\ has 64.0% space left!!
2016-11-26 10:38:05,197 DEBUG views 5388 10172 "**** Drive C:\ has 46.4% space left!!
2016-11-26 10:38:27,799 DEBUG views 5388 8252 "**** Drive H:\ has 64.0% space left!!
2016-11-26 10:38:27,799 DEBUG views 5388 8252 "**** Drive C:\ has 46.4% space left!!
2016-11-26 10:39:29,484 DEBUG views 11768 3280 "**** Drive H:\ has 64.0% space left!!
2016-11-26 10:39:29,484 DEBUG views 11768 3280 "**** Drive C:\ has 46.4% space left!!
2016-11-26 10:39:47,084 DEBUG views 11768 3252 "**** Drive H:\ has 64.0% space left!!
2016-11-26 10:39:47,084 DEBUG views 11768 3252 "**** Drive C:\ has 46.4% space left!!
2016-11-26 10:39:54,401 DEBUG views 11768 8280 "**** Drive H:\ has 64.0% space left!!
2016-11-26 10:39:54,401 DEBUG views 11768 8280 "**** Drive C:\ has 46.4% space left!!
2016-11-26 10:45:34,145 DEBUG views 9520 360 "**** Drive H:\ has 64.0% space left!!
2016-11-26 10:45:34,147 DEBUG views 9520 360 "**** Drive C:\ has 46.4% space left!!
2016-11-26 10:45:43,615 DEBUG views 9520 9748 "**** Drive H:\ has 64.0% space left!!
2016-11-26 10:45:43,617 DEBUG views 9520 9748 "**** Drive C:\ has 46.4% space left!!
2016-11-26 18:09:52,688 DEBUG views 9520 9764 "**** Drive H:\ has 64.0% space left!!
2016-11-26 18:09:52,690 DEBUG views 9520 9764 "**** Drive C:\ has 46.5% space left!!
2016-11-26 18:15:57,825 DEBUG views 2608 6388 "**** Drive H:\ has 64.0% space left!!
2016-11-26 18:15:57,825 DEBUG views 2608 6388 "**** Drive C:\ has 46.5% space left!!
2016-11-26 18:16:18,352 DEBUG views 2608 8376 "**** Drive H:\ has 64.0% space left!!
2016-11-26 18:16:18,354 DEBUG views 2608 8376 "**** Drive C:\ has 46.5% space left!!
2016-11-26 18:17:17,779 DEBUG views 2608 10860 "**** Drive H:\ has 64.0% space left!!
2016-11-26 18:17:17,779 DEBUG views 2608 10860 "**** Drive C:\ has 46.5% space left!!
2016-11-26 18:17:31,255 DEBUG views 2608 11392 "**** Drive H:\ has 64.0% space left!!
2016-11-26 18:17:31,256 DEBUG views 2608 11392 "**** Drive C:\ has 46.5% space left!!
2016-11-26 18:17:44,611 DEBUG views 2608 9600 "**** Drive H:\ has 64.0% space left!!
2016-11-26 18:17:44,611 DEBUG views 2608 9600 "**** Drive C:\ has 46.5% space left!!
2016-11-26 18:23:52,345 DEBUG views 6156 11376 "**** Drive H:\ has 64.0% space left!!
2016-11-26 18:23:52,345 DEBUG views 6156 11376 "**** Drive C:\ has 46.5% space left!!
2016-11-26 18:24:05,523 DEBUG views 6156 9444 "**** Drive H:\ has 64.0% space left!!
2016-11-26 18:24:05,523 DEBUG views 6156 9444 "**** Drive C:\ has 46.5% space left!!
2016-11-26 18:29:41,265 DEBUG views 9488 9620 "**** Drive H:\ has 64.0% space left!!
2016-11-26 18:29:41,265 DEBUG views 9488 9620 "**** Drive C:\ has 46.5% space left!!
2016-11-26 18:29:56,977 DEBUG views 9488 11924 "**** Drive H:\ has 64.0% space left!!
2016-11-26 18:29:56,979 DEBUG views 9488 11924 "**** Drive C:\ has 46.5% space left!!
2016-11-26 18:31:17,177 DEBUG views 9488 892 "**** Drive H:\ has 64.0% space left!!
2016-11-26 18:31:17,177 DEBUG views 9488 892 "**** Drive C:\ has 46.5% space left!!
2016-11-26 18:31:24,903 DEBUG views 9488 512 "**** Drive H:\ has 64.0% space left!!
2016-11-26 18:31:24,903 DEBUG views 9488 512 "**** Drive C:\ has 46.5% space left!!
2016-11-26 18:31:30,903 DEBUG views 9488 10868 "**** Drive H:\ has 64.0% space left!!
2016-11-26 18:31:30,904 DEBUG views 9488 10868 "**** Drive C:\ has 46.5% space left!!
2016-11-26 18:31:40,746 DEBUG views 9488 8148 "**** Drive H:\ has 64.0% space left!!
2016-11-26 18:31:40,746 DEBUG views 9488 8148 "**** Drive C:\ has 46.5% space left!!
2016-11-26 18:31:47,670 DEBUG views 9488 11848 "**** Drive H:\ has 64.0% space left!!
2016-11-26 18:31:47,671 DEBUG views 9488 11848 "**** Drive C:\ has 46.5% space left!!
2016-11-26 18:33:34,448 DEBUG views 12200 6316 "**** Drive H:\ has 64.0% space left!!
2016-11-26 18:33:34,448 DEBUG views 12200 6316 "**** Drive C:\ has 46.5% space left!!
2016-11-26 18:33:45,890 DEBUG views 12200 11192 "**** Drive H:\ has 64.0% space left!!
2016-11-26 18:33:45,890 DEBUG views 12200 11192 "**** Drive C:\ has 46.5% space left!!
2016-11-26 18:33:54,677 DEBUG views 12200 1016 "**** Drive H:\ has 64.0% space left!!
2016-11-26 18:33:54,677 DEBUG views 12200 1016 "**** Drive C:\ has 46.5% space left!!
2016-11-26 18:36:40,229 DEBUG views 7908 9912 "**** Drive H:\ has 64.0% space left!!
2016-11-26 18:36:40,229 DEBUG views 7908 9912 "**** Drive C:\ has 46.5% space left!!
2016-11-26 18:36:53,357 DEBUG views 7908 10912 "**** Drive H:\ has 64.0% space left!!
2016-11-26 18:36:53,358 DEBUG views 7908 10912 "**** Drive C:\ has 46.5% space left!!
2016-11-26 18:37:00,750 DEBUG views 7908 2952 "**** Drive H:\ has 64.0% space left!!
2016-11-26 18:37:00,752 DEBUG views 7908 2952 "**** Drive C:\ has 46.5% space left!!
2016-11-26 19:06:06,351 DEBUG views 10480 11312 "**** Drive H:\ has 64.0% space left!!
2016-11-26 19:06:06,351 DEBUG views 10480 11312 "**** Drive C:\ has 46.4% space left!!
2016-11-26 19:06:17,706 DEBUG views 10480 4656 "**** Drive H:\ has 64.0% space left!!
2016-11-26 19:06:17,706 DEBUG views 10480 4656 "**** Drive C:\ has 46.4% space left!!
2016-11-26 20:54:51,698 DEBUG views 10480 7428 "**** Drive H:\ has 64.0% space left!!
2016-11-26 20:54:51,698 DEBUG views 10480 7428 "**** Drive C:\ has 46.4% space left!!
2016-11-26 21:18:11,250 DEBUG views 10480 7468 "**** Drive H:\ has 64.0% space left!!
2016-11-26 21:18:11,252 DEBUG views 10480 7468 "**** Drive C:\ has 46.4% space left!!
2016-11-26 21:18:24,259 DEBUG views 10480 11028 "**** Drive H:\ has 64.0% space left!!
2016-11-26 21:18:24,259 DEBUG views 10480 11028 "**** Drive C:\ has 46.4% space left!!
2016-11-26 21:18:28,609 DEBUG views 10480 11376 "**** Drive H:\ has 64.0% space left!!
2016-11-26 21:18:28,609 DEBUG views 10480 11376 "**** Drive C:\ has 46.4% space left!!
2016-11-26 21:18:48,270 DEBUG views 6200 6864 "**** Drive H:\ has 64.0% space left!!
2016-11-26 21:18:48,272 DEBUG views 6200 6864 "**** Drive C:\ has 46.4% space left!!
2016-11-26 21:18:56,200 DEBUG views 6200 10364 "**** Drive H:\ has 64.0% space left!!
2016-11-26 21:18:56,200 DEBUG views 6200 10364 "**** Drive C:\ has 46.4% space left!!
2016-11-26 21:19:18,967 DEBUG views 6200 11684 "**** Drive H:\ has 64.0% space left!!
2016-11-26 21:19:18,967 DEBUG views 6200 11684 "**** Drive C:\ has 46.4% space left!!
2016-11-26 21:19:27,617 DEBUG views 6200 7116 "**** Drive H:\ has 64.0% space left!!
2016-11-26 21:19:27,617 DEBUG views 6200 7116 "**** Drive C:\ has 46.4% space left!!
2016-11-26 21:19:31,762 DEBUG views 6200 11680 "**** Drive H:\ has 64.0% space left!!
2016-11-26 21:19:31,762 DEBUG views 6200 11680 "**** Drive C:\ has 46.4% space left!!
2016-11-27 09:01:38,806 DEBUG views 5484 9344 "**** Drive H:\ has 64.0% space left!!
2016-11-27 09:01:38,808 DEBUG views 5484 9344 "**** Drive C:\ has 46.4% space left!!
2016-11-27 09:01:50,148 DEBUG views 5484 12024 "**** Drive H:\ has 64.0% space left!!
2016-11-27 09:01:50,148 DEBUG views 5484 12024 "**** Drive C:\ has 46.4% space left!!
2016-11-27 09:01:58,569 DEBUG views 5484 9664 "**** Drive H:\ has 64.0% space left!!
2016-11-27 09:01:58,569 DEBUG views 5484 9664 "**** Drive C:\ has 46.4% space left!!
2016-11-27 09:09:20,720 DEBUG views 5484 1604 "**** Drive H:\ has 64.0% space left!!
2016-11-27 09:09:20,720 DEBUG views 5484 1604 "**** Drive C:\ has 46.4% space left!!
2016-11-27 09:09:35,786 DEBUG views 8980 588 "**** Drive H:\ has 64.0% space left!!
2016-11-27 09:09:35,786 DEBUG views 8980 588 "**** Drive C:\ has 46.4% space left!!
2016-11-27 09:09:39,875 DEBUG views 8980 8912 "**** Drive H:\ has 64.0% space left!!
2016-11-27 09:09:39,875 DEBUG views 8980 8912 "**** Drive C:\ has 46.4% space left!!
2016-11-27 09:09:44,387 DEBUG views 8980 5372 "**** Drive H:\ has 64.0% space left!!
2016-11-27 09:09:44,387 DEBUG views 8980 5372 "**** Drive C:\ has 46.4% space left!!
2016-11-27 09:09:46,805 DEBUG views 8980 3044 "**** Drive H:\ has 64.0% space left!!
2016-11-27 09:09:46,806 DEBUG views 8980 3044 "**** Drive C:\ has 46.4% space left!!
2016-11-27 09:09:57,174 DEBUG views 8980 9464 "**** Drive H:\ has 64.0% space left!!
2016-11-27 09:09:57,174 DEBUG views 8980 9464 "**** Drive C:\ has 46.4% space left!!
2016-11-27 09:10:58,683 DEBUG views 8980 3632 "**** Drive H:\ has 64.0% space left!!
2016-11-27 09:10:58,683 DEBUG views 8980 3632 "**** Drive C:\ has 46.4% space left!!
2016-11-27 09:11:03,680 DEBUG views 8980 9904 "**** Drive H:\ has 64.0% space left!!
2016-11-27 09:11:03,681 DEBUG views 8980 9904 "**** Drive C:\ has 46.4% space left!!
2016-11-27 09:11:17,775 DEBUG views 8980 2888 "**** Drive H:\ has 64.0% space left!!
2016-11-27 09:11:17,775 DEBUG views 8980 2888 "**** Drive C:\ has 46.4% space left!!
2016-11-27 09:13:59,651 DEBUG views 2936 9776 "**** Drive H:\ has 64.0% space left!!
2016-11-27 09:13:59,651 DEBUG views 2936 9776 "**** Drive C:\ has 46.4% space left!!
2016-11-27 09:14:55,553 DEBUG views 2936 11548 "**** Drive H:\ has 64.0% space left!!
2016-11-27 09:14:55,553 DEBUG views 2936 11548 "**** Drive C:\ has 46.4% space left!!
2016-11-27 09:15:14,621 DEBUG views 2936 7408 "**** Drive H:\ has 64.0% space left!!
2016-11-27 09:15:14,621 DEBUG views 2936 7408 "**** Drive C:\ has 46.4% space left!!
2016-11-27 09:15:48,648 DEBUG views 2936 5200 "**** Drive H:\ has 64.0% space left!!
2016-11-27 09:15:48,650 DEBUG views 2936 5200 "**** Drive C:\ has 46.4% space left!!
2016-11-27 09:16:09,783 DEBUG views 2936 952 "**** Drive H:\ has 64.0% space left!!
2016-11-27 09:16:09,783 DEBUG views 2936 952 "**** Drive C:\ has 46.4% space left!!
2016-11-27 09:16:37,967 DEBUG views 2936 11324 "**** Drive H:\ has 64.0% space left!!
2016-11-27 09:16:37,969 DEBUG views 2936 11324 "**** Drive C:\ has 46.4% space left!!
2016-11-27 09:16:54,964 DEBUG views 2936 5336 "**** Drive H:\ has 64.0% space left!!
2016-11-27 09:16:54,966 DEBUG views 2936 5336 "**** Drive C:\ has 46.4% space left!!
2016-11-27 09:17:03,608 DEBUG views 2936 2020 "**** Drive H:\ has 64.0% space left!!
2016-11-27 09:17:03,608 DEBUG views 2936 2020 "**** Drive C:\ has 46.4% space left!!
2016-11-27 09:17:26,381 DEBUG views 2936 5184 "**** Drive H:\ has 64.0% space left!!
2016-11-27 09:17:26,381 DEBUG views 2936 5184 "**** Drive C:\ has 46.4% space left!!
2016-11-27 09:17:56,017 DEBUG views 2936 10900 "**** Drive H:\ has 64.0% space left!!
2016-11-27 09:17:56,017 DEBUG views 2936 10900 "**** Drive C:\ has 46.4% space left!!
2016-11-27 09:19:41,094 DEBUG views 2936 7864 "**** Drive H:\ has 64.0% space left!!
2016-11-27 09:19:41,094 DEBUG views 2936 7864 "**** Drive C:\ has 46.4% space left!!
2016-11-27 09:20:18,007 DEBUG views 2936 8104 "**** Drive H:\ has 64.0% space left!!
2016-11-27 09:20:18,009 DEBUG views 2936 8104 "**** Drive C:\ has 46.4% space left!!
2016-11-27 09:21:02,046 DEBUG views 2936 9544 "**** Drive H:\ has 64.0% space left!!
2016-11-27 09:21:02,046 DEBUG views 2936 9544 "**** Drive C:\ has 46.4% space left!!
2016-11-27 09:21:21,913 DEBUG views 2936 12168 "**** Drive H:\ has 64.0% space left!!
2016-11-27 09:21:21,913 DEBUG views 2936 12168 "**** Drive C:\ has 46.4% space left!!
2016-11-27 09:23:48,209 DEBUG views 2936 1164 "**** Drive H:\ has 64.0% space left!!
2016-11-27 09:23:48,210 DEBUG views 2936 1164 "**** Drive C:\ has 46.4% space left!!
2016-11-27 09:24:24,127 DEBUG views 2936 6252 "**** Drive H:\ has 64.0% space left!!
2016-11-27 09:24:24,128 DEBUG views 2936 6252 "**** Drive C:\ has 46.4% space left!!
2016-11-27 09:24:41,878 DEBUG views 2936 9808 "**** Drive H:\ has 64.0% space left!!
2016-11-27 09:24:41,878 DEBUG views 2936 9808 "**** Drive C:\ has 46.4% space left!!
2016-11-27 09:24:49,569 DEBUG views 2936 5088 "**** Drive H:\ has 64.0% space left!!
2016-11-27 09:24:49,571 DEBUG views 2936 5088 "**** Drive C:\ has 46.4% space left!!
2016-11-27 09:25:10,229 DEBUG views 2936 10076 "**** Drive H:\ has 64.0% space left!!
2016-11-27 09:25:10,230 DEBUG views 2936 10076 "**** Drive C:\ has 46.4% space left!!
2016-11-27 09:25:17,776 DEBUG views 2936 4036 "**** Drive H:\ has 64.0% space left!!
2016-11-27 09:25:17,776 DEBUG views 2936 4036 "**** Drive C:\ has 46.4% space left!!
2016-11-27 09:25:52,309 DEBUG views 2936 6968 "**** Drive H:\ has 64.0% space left!!
2016-11-27 09:25:52,309 DEBUG views 2936 6968 "**** Drive C:\ has 46.4% space left!!
2016-11-27 09:25:59,059 DEBUG views 2936 592 "**** Drive H:\ has 64.0% space left!!
2016-11-27 09:25:59,059 DEBUG views 2936 592 "**** Drive C:\ has 46.4% space left!!
2016-11-27 18:07:24,316 DEBUG views 2936 6184 "**** Drive H:\ has 64.0% space left!!
2016-11-27 18:07:24,318 DEBUG views 2936 6184 "**** Drive C:\ has 46.4% space left!!
2016-11-27 18:07:33,128 DEBUG views 2936 6004 "**** Drive H:\ has 64.0% space left!!
2016-11-27 18:07:33,130 DEBUG views 2936 6004 "**** Drive C:\ has 46.4% space left!!
2016-11-27 18:07:47,250 DEBUG views 2936 10520 "**** Drive H:\ has 64.0% space left!!
2016-11-27 18:07:47,250 DEBUG views 2936 10520 "**** Drive C:\ has 46.4% space left!!
2016-11-27 18:07:58,823 DEBUG views 2936 6360 "**** Drive H:\ has 64.0% space left!!
2016-11-27 18:07:58,823 DEBUG views 2936 6360 "**** Drive C:\ has 46.4% space left!!
2016-11-27 18:08:07,398 DEBUG views 2936 6828 "**** Drive H:\ has 64.0% space left!!
2016-11-27 18:08:07,398 DEBUG views 2936 6828 "**** Drive C:\ has 46.4% space left!!
2016-11-27 18:09:05,138 DEBUG views 9940 10540 "**** Drive H:\ has 64.0% space left!!
2016-11-27 18:09:05,138 DEBUG views 9940 10540 "**** Drive C:\ has 46.4% space left!!
2016-11-27 18:09:14,792 DEBUG views 9940 11408 "**** Drive H:\ has 64.0% space left!!
2016-11-27 18:09:14,792 DEBUG views 9940 11408 "**** Drive C:\ has 46.4% space left!!
2016-11-27 18:10:44,828 DEBUG views 9940 3388 "**** Drive H:\ has 64.0% space left!!
2016-11-27 18:10:44,828 DEBUG views 9940 3388 "**** Drive C:\ has 46.4% space left!!
2016-11-27 18:13:07,631 DEBUG views 9940 5872 "**** Drive H:\ has 64.0% space left!!
2016-11-27 18:13:07,631 DEBUG views 9940 5872 "**** Drive C:\ has 46.4% space left!!
2016-11-27 18:22:04,789 DEBUG views 9940 5072 "**** Drive H:\ has 64.0% space left!!
2016-11-27 18:22:04,789 DEBUG views 9940 5072 "**** Drive C:\ has 46.4% space left!!
2016-11-27 18:22:38,881 DEBUG views 9940 11008 "**** Drive H:\ has 64.0% space left!!
2016-11-27 18:22:38,881 DEBUG views 9940 11008 "**** Drive C:\ has 46.4% space left!!
2016-11-27 18:22:52,365 DEBUG views 9940 7396 "**** Drive H:\ has 64.0% space left!!
2016-11-27 18:22:52,365 DEBUG views 9940 7396 "**** Drive C:\ has 46.4% space left!!
2016-11-27 18:24:39,944 DEBUG views 9940 6644 "**** Drive H:\ has 64.0% space left!!
2016-11-27 18:24:39,944 DEBUG views 9940 6644 "**** Drive C:\ has 46.4% space left!!
2016-11-27 18:25:52,440 DEBUG views 9940 4424 "**** Drive H:\ has 64.0% space left!!
2016-11-27 18:25:52,440 DEBUG views 9940 4424 "**** Drive C:\ has 46.4% space left!!
2016-11-27 18:26:21,069 DEBUG views 9940 2880 "**** Drive H:\ has 64.0% space left!!
2016-11-27 18:26:21,071 DEBUG views 9940 2880 "**** Drive C:\ has 46.4% space left!!
2016-11-27 18:26:34,148 DEBUG views 9940 8064 "**** Drive H:\ has 64.0% space left!!
2016-11-27 18:26:34,148 DEBUG views 9940 8064 "**** Drive C:\ has 46.4% space left!!
2016-11-27 18:26:54,344 DEBUG views 9940 9012 "**** Drive H:\ has 64.0% space left!!
2016-11-27 18:26:54,344 DEBUG views 9940 9012 "**** Drive C:\ has 46.4% space left!!
2016-11-27 18:26:58,894 DEBUG views 9940 8444 "**** Drive H:\ has 64.0% space left!!
2016-11-27 18:26:58,894 DEBUG views 9940 8444 "**** Drive C:\ has 46.5% space left!!
2016-11-27 18:27:01,151 DEBUG views 9940 5452 "**** Drive H:\ has 64.0% space left!!
2016-11-27 18:27:01,151 DEBUG views 9940 5452 "**** Drive C:\ has 46.5% space left!!
2016-11-27 18:27:06,128 DEBUG views 9940 1968 "**** Drive H:\ has 64.0% space left!!
2016-11-27 18:27:06,128 DEBUG views 9940 1968 "**** Drive C:\ has 46.5% space left!!
2016-11-27 18:27:26,891 DEBUG views 9940 6312 "**** Drive H:\ has 64.0% space left!!
2016-11-27 18:27:26,891 DEBUG views 9940 6312 "**** Drive C:\ has 46.5% space left!!
2016-11-27 18:27:45,075 DEBUG views 9940 12124 "**** Drive H:\ has 64.0% space left!!
2016-11-27 18:27:45,075 DEBUG views 9940 12124 "**** Drive C:\ has 46.5% space left!!
2016-11-27 18:27:46,188 DEBUG views 9940 380 "**** Drive H:\ has 64.0% space left!!
2016-11-27 18:27:46,188 DEBUG views 9940 380 "**** Drive C:\ has 46.5% space left!!
2016-11-27 18:28:10,892 DEBUG views 9940 9248 "**** Drive H:\ has 64.0% space left!!
2016-11-27 18:28:10,892 DEBUG views 9940 9248 "**** Drive C:\ has 46.5% space left!!
2016-11-27 18:29:42,555 DEBUG views 9940 6400 "**** Drive H:\ has 64.0% space left!!
2016-11-27 18:29:42,556 DEBUG views 9940 6400 "**** Drive C:\ has 46.5% space left!!
2016-11-27 18:29:56,039 DEBUG views 9940 7604 "**** Drive H:\ has 64.0% space left!!
2016-11-27 18:29:56,040 DEBUG views 9940 7604 "**** Drive C:\ has 46.5% space left!!
2016-11-27 18:30:40,872 DEBUG views 9940 5592 "**** Drive H:\ has 64.0% space left!!
2016-11-27 18:30:40,874 DEBUG views 9940 5592 "**** Drive C:\ has 46.5% space left!!
2016-11-27 18:31:45,726 DEBUG views 9940 12224 "**** Drive H:\ has 64.0% space left!!
2016-11-27 18:31:45,726 DEBUG views 9940 12224 "**** Drive C:\ has 46.5% space left!!
2016-11-27 18:32:22,515 DEBUG views 9940 4616 "**** Drive H:\ has 64.0% space left!!
2016-11-27 18:32:22,516 DEBUG views 9940 4616 "**** Drive C:\ has 46.5% space left!!
2016-11-27 18:32:39,812 DEBUG views 9940 11404 "**** Drive H:\ has 64.0% space left!!
2016-11-27 18:32:39,812 DEBUG views 9940 11404 "**** Drive C:\ has 46.5% space left!!
2016-11-27 18:34:14,467 DEBUG views 9940 9752 "**** Drive H:\ has 64.0% space left!!
2016-11-27 18:34:14,469 DEBUG views 9940 9752 "**** Drive C:\ has 46.5% space left!!
2016-11-27 18:36:07,627 DEBUG views 9940 11760 "**** Drive H:\ has 64.0% space left!!
2016-11-27 18:36:07,627 DEBUG views 9940 11760 "**** Drive C:\ has 46.5% space left!!
2016-11-27 18:36:14,615 DEBUG views 9940 2684 "**** Drive H:\ has 64.0% space left!!
2016-11-27 18:36:14,615 DEBUG views 9940 2684 "**** Drive C:\ has 46.5% space left!!
2016-11-27 18:37:13,285 DEBUG views 9940 3076 "**** Drive H:\ has 64.0% space left!!
2016-11-27 18:37:13,285 DEBUG views 9940 3076 "**** Drive C:\ has 46.5% space left!!
2016-11-27 18:38:04,539 DEBUG views 10948 4976 "**** Drive H:\ has 64.0% space left!!
2016-11-27 18:38:04,539 DEBUG views 10948 4976 "**** Drive C:\ has 46.5% space left!!
2016-11-27 18:39:08,562 DEBUG views 10948 11336 "**** Drive H:\ has 64.0% space left!!
2016-11-27 18:39:08,562 DEBUG views 10948 11336 "**** Drive C:\ has 46.5% space left!!
2016-11-27 18:39:36,960 DEBUG views 10948 4888 "**** Drive H:\ has 64.0% space left!!
2016-11-27 18:39:36,960 DEBUG views 10948 4888 "**** Drive C:\ has 46.5% space left!!
2016-11-27 18:40:48,711 DEBUG views 10948 3136 "**** Drive H:\ has 64.0% space left!!
2016-11-27 18:40:48,711 DEBUG views 10948 3136 "**** Drive C:\ has 46.5% space left!!
2016-11-27 18:43:52,049 DEBUG views 10948 2240 "**** Drive H:\ has 64.0% space left!!
2016-11-27 18:43:52,049 DEBUG views 10948 2240 "**** Drive C:\ has 46.5% space left!!
2016-11-27 18:44:12,690 DEBUG views 10948 3952 "**** Drive H:\ has 64.0% space left!!
2016-11-27 18:44:12,690 DEBUG views 10948 3952 "**** Drive C:\ has 46.5% space left!!
2016-11-27 18:44:46,894 DEBUG views 10948 7948 "**** Drive H:\ has 64.0% space left!!
2016-11-27 18:44:46,894 DEBUG views 10948 7948 "**** Drive C:\ has 46.5% space left!!
2016-11-27 18:45:26,812 DEBUG views 10948 2532 "**** Drive H:\ has 64.0% space left!!
2016-11-27 18:45:26,812 DEBUG views 10948 2532 "**** Drive C:\ has 46.5% space left!!
2016-11-27 18:45:42,306 DEBUG views 10948 8252 "**** Drive H:\ has 64.0% space left!!
2016-11-27 18:45:42,306 DEBUG views 10948 8252 "**** Drive C:\ has 46.5% space left!!
2016-11-27 18:45:58,240 DEBUG views 10948 11168 "**** Drive H:\ has 64.0% space left!!
2016-11-27 18:45:58,242 DEBUG views 10948 11168 "**** Drive C:\ has 46.5% space left!!
2016-11-27 18:46:17,088 DEBUG views 10948 3388 "**** Drive H:\ has 64.0% space left!!
2016-11-27 18:46:17,089 DEBUG views 10948 3388 "**** Drive C:\ has 46.5% space left!!
2016-11-27 18:46:28,394 DEBUG views 10948 8440 "**** Drive H:\ has 64.0% space left!!
2016-11-27 18:46:28,394 DEBUG views 10948 8440 "**** Drive C:\ has 46.5% space left!!
2016-11-27 18:46:41,128 DEBUG views 10948 7012 "**** Drive H:\ has 64.0% space left!!
2016-11-27 18:46:41,128 DEBUG views 10948 7012 "**** Drive C:\ has 46.5% space left!!
2016-11-27 18:46:47,897 DEBUG views 10948 1400 "**** Drive H:\ has 64.0% space left!!
2016-11-27 18:46:47,898 DEBUG views 10948 1400 "**** Drive C:\ has 46.5% space left!!
2016-11-27 18:46:51,648 DEBUG views 10948 8356 "**** Drive H:\ has 64.0% space left!!
2016-11-27 18:46:51,648 DEBUG views 10948 8356 "**** Drive C:\ has 46.5% space left!!
2016-11-27 18:47:33,775 DEBUG views 10948 9636 "**** Drive H:\ has 64.0% space left!!
2016-11-27 18:47:33,775 DEBUG views 10948 9636 "**** Drive C:\ has 46.5% space left!!
2016-11-27 18:47:45,565 DEBUG views 10948 11872 "**** Drive H:\ has 64.0% space left!!
2016-11-27 18:47:45,566 DEBUG views 10948 11872 "**** Drive C:\ has 46.5% space left!!
2016-11-27 18:54:03,019 DEBUG views 10948 9852 "**** Drive H:\ has 64.0% space left!!
2016-11-27 18:54:03,019 DEBUG views 10948 9852 "**** Drive C:\ has 46.5% space left!!
2016-11-27 18:54:09,013 DEBUG views 10948 10056 "**** Drive H:\ has 64.0% space left!!
2016-11-27 18:54:09,013 DEBUG views 10948 10056 "**** Drive C:\ has 46.5% space left!!
2016-11-27 18:54:16,697 DEBUG views 10948 3792 "**** Drive H:\ has 64.0% space left!!
2016-11-27 18:54:16,697 DEBUG views 10948 3792 "**** Drive C:\ has 46.5% space left!!
2016-11-27 18:55:11,470 DEBUG views 10948 4392 "**** Drive H:\ has 64.0% space left!!
2016-11-27 18:55:11,470 DEBUG views 10948 4392 "**** Drive C:\ has 46.5% space left!!
2016-11-27 18:55:35,825 DEBUG views 10948 3568 "**** Drive H:\ has 64.0% space left!!
2016-11-27 18:55:35,825 DEBUG views 10948 3568 "**** Drive C:\ has 46.5% space left!!
2016-11-27 18:55:42,704 DEBUG views 10948 5052 "**** Drive H:\ has 64.0% space left!!
2016-11-27 18:55:42,704 DEBUG views 10948 5052 "**** Drive C:\ has 46.5% space left!!
2016-11-27 18:55:44,701 DEBUG views 10948 2296 "**** Drive H:\ has 64.0% space left!!
2016-11-27 18:55:44,701 DEBUG views 10948 2296 "**** Drive C:\ has 46.5% space left!!
2016-11-27 18:57:49,338 DEBUG views 10948 3288 "**** Drive H:\ has 64.0% space left!!
2016-11-27 18:57:49,338 DEBUG views 10948 3288 "**** Drive C:\ has 46.5% space left!!
2016-11-27 18:58:10,999 DEBUG views 10948 5308 "**** Drive H:\ has 64.0% space left!!
2016-11-27 18:58:10,999 DEBUG views 10948 5308 "**** Drive C:\ has 46.5% space left!!
2016-11-27 18:58:28,282 DEBUG views 10948 5908 "**** Drive H:\ has 64.0% space left!!
2016-11-27 18:58:28,282 DEBUG views 10948 5908 "**** Drive C:\ has 46.5% space left!!
2016-11-27 18:58:49,819 DEBUG views 10948 7064 "**** Drive H:\ has 64.0% space left!!
2016-11-27 18:58:49,819 DEBUG views 10948 7064 "**** Drive C:\ has 46.5% space left!!
2016-11-27 18:59:08,723 DEBUG views 10948 6712 "**** Drive H:\ has 64.0% space left!!
2016-11-27 18:59:08,724 DEBUG views 10948 6712 "**** Drive C:\ has 46.5% space left!!
2016-11-27 18:59:43,831 DEBUG views 10948 3916 "**** Drive H:\ has 64.0% space left!!
2016-11-27 18:59:43,831 DEBUG views 10948 3916 "**** Drive C:\ has 46.5% space left!!
2016-11-27 19:00:01,710 DEBUG views 10948 3768 "**** Drive H:\ has 64.0% space left!!
2016-11-27 19:00:01,710 DEBUG views 10948 3768 "**** Drive C:\ has 46.5% space left!!
2016-11-27 19:00:46,941 DEBUG views 10948 2972 "**** Drive H:\ has 64.0% space left!!
2016-11-27 19:00:46,943 DEBUG views 10948 2972 "**** Drive C:\ has 46.5% space left!!
2016-11-27 19:01:36,687 DEBUG views 10948 10956 "**** Drive H:\ has 64.0% space left!!
2016-11-27 19:01:36,687 DEBUG views 10948 10956 "**** Drive C:\ has 46.5% space left!!
2016-11-27 19:02:26,196 DEBUG views 10948 9276 "**** Drive H:\ has 64.0% space left!!
2016-11-27 19:02:26,197 DEBUG views 10948 9276 "**** Drive C:\ has 46.5% space left!!
2016-11-27 19:02:34,601 DEBUG views 10948 12024 "**** Drive H:\ has 64.0% space left!!
2016-11-27 19:02:34,601 DEBUG views 10948 12024 "**** Drive C:\ has 46.5% space left!!
2016-11-27 19:02:44,950 DEBUG views 10948 3284 "**** Drive H:\ has 64.0% space left!!
2016-11-27 19:02:44,950 DEBUG views 10948 3284 "**** Drive C:\ has 46.5% space left!!
2016-11-27 19:02:51,381 DEBUG views 10948 6212 "**** Drive H:\ has 64.0% space left!!
2016-11-27 19:02:51,381 DEBUG views 10948 6212 "**** Drive C:\ has 46.5% space left!!
2016-11-27 19:04:07,757 DEBUG views 10948 3856 "**** Drive H:\ has 64.0% space left!!
2016-11-27 19:04:07,759 DEBUG views 10948 3856 "**** Drive C:\ has 46.5% space left!!
2016-11-27 19:04:31,645 DEBUG views 10948 9488 "**** Drive H:\ has 64.0% space left!!
2016-11-27 19:04:31,645 DEBUG views 10948 9488 "**** Drive C:\ has 46.5% space left!!
2016-11-27 19:04:46,515 DEBUG views 10948 3244 "**** Drive H:\ has 64.0% space left!!
2016-11-27 19:04:46,515 DEBUG views 10948 3244 "**** Drive C:\ has 46.5% space left!!
2016-11-27 19:12:06,470 DEBUG views 10948 10608 "**** Drive H:\ has 64.0% space left!!
2016-11-27 19:12:06,470 DEBUG views 10948 10608 "**** Drive C:\ has 46.5% space left!!
2016-11-27 19:12:34,877 DEBUG views 10948 4668 "**** Drive H:\ has 64.0% space left!!
2016-11-27 19:12:34,878 DEBUG views 10948 4668 "**** Drive C:\ has 46.5% space left!!
2016-11-27 19:13:20,509 DEBUG views 10948 7388 "**** Drive H:\ has 64.0% space left!!
2016-11-27 19:13:20,509 DEBUG views 10948 7388 "**** Drive C:\ has 46.5% space left!!
2016-11-27 19:13:36,930 DEBUG views 10948 6652 "**** Drive H:\ has 64.0% space left!!
2016-11-27 19:13:36,930 DEBUG views 10948 6652 "**** Drive C:\ has 46.5% space left!!
2016-11-27 19:13:49,168 DEBUG views 10948 8408 "**** Drive H:\ has 64.0% space left!!
2016-11-27 19:13:49,168 DEBUG views 10948 8408 "**** Drive C:\ has 46.5% space left!!
2016-11-27 19:14:19,976 DEBUG views 10948 10416 "**** Drive H:\ has 64.0% space left!!
2016-11-27 19:14:19,976 DEBUG views 10948 10416 "**** Drive C:\ has 46.5% space left!!
2016-11-27 19:14:47,209 DEBUG views 10948 4384 "**** Drive H:\ has 64.0% space left!!
2016-11-27 19:14:47,210 DEBUG views 10948 4384 "**** Drive C:\ has 46.5% space left!!
2016-11-27 19:15:21,072 DEBUG views 10948 7256 "**** Drive H:\ has 64.0% space left!!
2016-11-27 19:15:21,072 DEBUG views 10948 7256 "**** Drive C:\ has 46.5% space left!!
2016-11-27 19:15:41,467 DEBUG views 10948 5016 "**** Drive H:\ has 64.0% space left!!
2016-11-27 19:15:41,467 DEBUG views 10948 5016 "**** Drive C:\ has 46.5% space left!!
2016-11-27 19:18:06,207 DEBUG views 10948 10856 "**** Drive H:\ has 64.0% space left!!
2016-11-27 19:18:06,207 DEBUG views 10948 10856 "**** Drive C:\ has 46.5% space left!!
2016-11-27 19:18:22,236 DEBUG views 10948 228 "**** Drive H:\ has 64.0% space left!!
2016-11-27 19:18:22,236 DEBUG views 10948 228 "**** Drive C:\ has 46.5% space left!!
2016-11-27 19:18:39,645 DEBUG views 10948 9620 "**** Drive H:\ has 64.0% space left!!
2016-11-27 19:18:39,645 DEBUG views 10948 9620 "**** Drive C:\ has 46.5% space left!!
2016-11-27 19:19:15,084 DEBUG views 10948 8048 "**** Drive H:\ has 64.0% space left!!
2016-11-27 19:19:15,085 DEBUG views 10948 8048 "**** Drive C:\ has 46.5% space left!!
2016-11-27 19:19:38,178 DEBUG views 10948 4120 "**** Drive H:\ has 64.0% space left!!
2016-11-27 19:19:38,178 DEBUG views 10948 4120 "**** Drive C:\ has 46.5% space left!!
2016-11-27 19:19:50,796 DEBUG views 10948 7972 "**** Drive H:\ has 64.0% space left!!
2016-11-27 19:19:50,796 DEBUG views 10948 7972 "**** Drive C:\ has 46.5% space left!!
2016-11-27 19:20:28,831 DEBUG views 10948 3516 "**** Drive H:\ has 64.0% space left!!
2016-11-27 19:20:28,831 DEBUG views 10948 3516 "**** Drive C:\ has 46.5% space left!!
2016-11-27 19:20:37,308 DEBUG views 10948 11916 "**** Drive H:\ has 64.0% space left!!
2016-11-27 19:20:37,309 DEBUG views 10948 11916 "**** Drive C:\ has 46.5% space left!!
2016-11-27 19:20:43,145 DEBUG views 10948 11448 "**** Drive H:\ has 64.0% space left!!
2016-11-27 19:20:43,147 DEBUG views 10948 11448 "**** Drive C:\ has 46.5% space left!!
2016-11-27 19:20:54,441 DEBUG views 10948 3624 "**** Drive H:\ has 64.0% space left!!
2016-11-27 19:20:54,441 DEBUG views 10948 3624 "**** Drive C:\ has 46.5% space left!!
2016-11-27 19:21:02,187 DEBUG views 10948 11564 "**** Drive H:\ has 64.0% space left!!
2016-11-27 19:21:02,187 DEBUG views 10948 11564 "**** Drive C:\ has 46.5% space left!!
2016-11-27 19:21:13,401 DEBUG views 10948 4944 "**** Drive H:\ has 64.0% space left!!
2016-11-27 19:21:13,401 DEBUG views 10948 4944 "**** Drive C:\ has 46.5% space left!!
2016-11-27 19:21:23,683 DEBUG views 10948 10844 "**** Drive H:\ has 64.0% space left!!
2016-11-27 19:21:23,683 DEBUG views 10948 10844 "**** Drive C:\ has 46.5% space left!!
2016-11-27 19:22:04,516 DEBUG views 10948 11720 "**** Drive H:\ has 64.0% space left!!
2016-11-27 19:22:04,516 DEBUG views 10948 11720 "**** Drive C:\ has 46.5% space left!!
2016-11-27 19:41:38,589 DEBUG views 10948 6828 "**** Drive H:\ has 64.1% space left!!
2016-11-27 19:41:38,592 DEBUG views 10948 6828 "**** Drive C:\ has 46.5% space left!!
2016-11-27 19:46:35,424 DEBUG views 10948 10180 "**** Drive H:\ has 64.1% space left!!
2016-11-27 19:46:35,424 DEBUG views 10948 10180 "**** Drive C:\ has 46.5% space left!!
2016-11-27 19:50:12,372 DEBUG views 10948 7064 "**** Drive H:\ has 64.1% space left!!
2016-11-27 19:50:12,374 DEBUG views 10948 7064 "**** Drive C:\ has 46.5% space left!!
2016-11-27 20:36:21,717 DEBUG views 10948 7696 "**** Drive H:\ has 64.1% space left!!
2016-11-27 20:36:21,719 DEBUG views 10948 7696 "**** Drive C:\ has 46.5% space left!!
